16:40:31.660 INFO  utilities.Util - Date and Time :: 03_31_2025 16_40_31
16:40:31.664 INFO  utilities.ExtentManager - *********** Report Path ***********
16:40:31.664 INFO  utilities.ExtentManager - /Users/saurabh16.pandey/Library/CloudStorage/OneDrive-RelianceCorporateITParkLimited/AutomationFrameWork/automationfrmwrk//reports//AutomationReport_03_31_2025 16_40_31.html
16:40:31.664 INFO  utilities.ExtentManager - *********** Report Path ***********
16:40:31.793 INFO  base.TestListeners - onStart -> Test Tag Name: Application Test
16:40:31.793 INFO  base.TestListeners - These methods will be executed in this <test> tag
16:40:31.794 INFO  base.TestListeners - verifySearchCourse
16:40:31.794 INFO  base.TestListeners - signWithValidCredentials
16:40:31.803 INFO  base.WebDriverFactory - OS Name from system property :: mac
16:40:31.805 INFO  base.WebDriverFactory - Driver Binary :: /Users/saurabh16.pandey/Library/CloudStorage/OneDrive-RelianceCorporateITParkLimited/AutomationFrameWork/automationfrmwrk//drivers//chromedriver
16:40:39.538 INFO  utilities.Util - Waiting 0.02 seconds :: Clicked on ::Login
16:40:39.710 INFO  base.CustomerDriver - SendKeys on element::[[ChromeDriver: chrome on MAC (0b1fd0da25af27f57614f120a6fc66e8)] -> id: email]Usernamefieldwith data:: test@email.com
16:40:39.758 INFO  base.CustomerDriver - SendKeys on element::[[ChromeDriver: chrome on MAC (0b1fd0da25af27f57614f120a6fc66e8)] -> id: login-password]Passwordfieldwith data:: abcabc
16:40:39.803 INFO  utilities.Util - Waiting 0.0 seconds :: Clicked on ::LoginButton
16:40:40.033 INFO  base.CheckPoint - Clearing the HashMap
16:40:43.780 INFO  base.CustomerDriver - Elements list found with :  id=>dropdownMenu1
16:40:49.681 INFO  base.CustomerDriver - Clicked on ::All Courses Link
16:40:49.830 INFO  base.CustomerDriver - Clicked on :: searchbar using Actions class
16:40:49.966 INFO  base.CustomerDriver - Actions sendKeys on element:: [[ChromeDriver: chrome on MAC (0b1fd0da25af27f57614f120a6fc66e8)] -> id: search] Coursename with data:: rest api
16:40:50.093 INFO  base.CustomerDriver - Clicked on :: SearchIcon using Actions class
16:40:50.108 INFO  base.CustomerDriver - Elements list found with :  xpath=>//div[@class='col-lg-4 col-md-4 col-sm-6 col-xs-12']
16:40:50.110 INFO  base.TestListeners - OnTestSuccess->Test Method Name :verifySearchCourse
16:40:50.113 INFO  base.CheckPoint - Clearing the HashMap
16:40:52.128 INFO  base.CustomerDriver - Elements list found with :  id=>dropdownMenu1
16:40:53.388 INFO  base.CustomerDriver - Clicked on ::All Courses Link
16:40:53.533 INFO  base.CustomerDriver - Clicked on :: searchbar using Actions class
16:40:53.684 INFO  base.CustomerDriver - Actions sendKeys on element:: [[ChromeDriver: chrome on MAC (0b1fd0da25af27f57614f120a6fc66e8)] -> id: search] Coursename with data:: javascript
16:40:53.812 INFO  base.CustomerDriver - Clicked on :: SearchIcon using Actions class
16:40:53.818 INFO  base.CustomerDriver - Elements list found with :  xpath=>//div[@class='col-lg-4 col-md-4 col-sm-6 col-xs-12']
16:40:53.818 INFO  base.TestListeners - OnTestSuccess->Test Method Name :verifySearchCourse
16:40:53.988 INFO  base.WebDriverFactory - OS Name from system property :: mac
16:40:53.988 INFO  base.WebDriverFactory - Driver Binary :: /Users/saurabh16.pandey/Library/CloudStorage/OneDrive-RelianceCorporateITParkLimited/AutomationFrameWork/automationfrmwrk//drivers//chromedriver
16:41:01.198 INFO  utilities.Util - Waiting 0.02 seconds :: Clicked on ::Login
16:41:01.222 INFO  base.CheckPoint - Clearing the HashMap
16:41:01.384 INFO  base.CustomerDriver - SendKeys on element::[[ChromeDriver: chrome on MAC (c64e93f20e1ae0a18d5a87bf45790170)] -> id: email]Usernamefieldwith data:: test@email.com
16:41:01.432 INFO  base.CustomerDriver - SendKeys on element::[[ChromeDriver: chrome on MAC (c64e93f20e1ae0a18d5a87bf45790170)] -> id: login-password]Passwordfieldwith data:: abcabc
16:41:01.476 INFO  utilities.Util - Waiting 0.0 seconds :: Clicked on ::LoginButton
16:41:01.484 INFO  base.CustomerDriver - Getting Text on element :: All Courses Link
16:41:01.492 INFO  base.CustomerDriver -  The text is : ALL COURSES
16:41:01.492 ERROR utilities.Util - Actual Text From Web Application UI   --> : ALL COURSES
16:41:01.492 ERROR utilities.Util - Expected Text From Web Application UI --> : All Coursessss
16:41:01.492 ERROR utilities.Util - ### Verification DOES NOT Contains !!!
16:41:01.492 INFO  base.CheckPoint - test01.HeaderVerification:->FAIL
16:41:04.752 INFO  base.CustomerDriver - Elements list found with :  id=>dropdownMenu1
16:41:04.753 INFO  base.CheckPoint - test01:->login verification:->PASS
16:41:04.753 INFO  base.CheckPoint - Test method Fail
16:41:04.753 INFO  base.TestListeners - onTestFailure -> Test Method Name: signWithValidCredentials
16:41:04.754 INFO  base.WebDriverFactory - OS Name from system property :: mac
16:41:04.754 INFO  base.WebDriverFactory - Driver Binary :: /Users/saurabh16.pandey/Library/CloudStorage/OneDrive-RelianceCorporateITParkLimited/AutomationFrameWork/automationfrmwrk//drivers//chromedriver
16:41:04.754 INFO  utilities.Util - Date and Time :: 03_31_2025 16_41_04
16:41:05.011 INFO  base.CustomerDriver - Screen Shot Was Stored at: /Users/saurabh16.pandey/Library/CloudStorage/OneDrive-RelianceCorporateITParkLimited/AutomationFrameWork/automationfrmwrk//test-output/screenshots//chrome_signWithValidCredentials_03_31_2025 16_41_04.png
16:41:05.022 INFO  base.CustomerDriver - Elements list found with :  id=>dropdownMenu1
16:41:05.059 INFO  base.CustomerDriver - Clicked on ::Account Dropdown
16:41:05.061 INFO  base.CustomerDriver - Waiting for max:: 10 seconds for element to be available
16:41:15.546 ERROR base.CustomerDriver - Element not appeared on the web page
16:41:18.569 ERROR base.CustomerDriver - Element not found with locatorxpath=>//a[@href='/logout']
16:41:18.571 ERROR base.CustomerDriver - Cannot clicked on  ::LogoutLink
16:41:18.571 INFO  utilities.Util - Date and Time :: 03_31_2025 16_41_18
16:41:18.792 INFO  base.CustomerDriver - Screen Shot Was Stored at: /Users/saurabh16.pandey/Library/CloudStorage/OneDrive-RelianceCorporateITParkLimited/AutomationFrameWork/automationfrmwrk//test-output/screenshots// _Click Error_03_31_2025 16_41_18.png
16:41:19.286 INFO  utilities.Util - Waiting 0.02 seconds :: Clicked on ::Login
16:41:19.512 INFO  base.TestListeners - OnFinish -> Test Tag Name Application Test
