16:43:47.916 INFO  base.WebDriverFactory - OS Name from system property :: mac
16:43:47.921 INFO  base.WebDriverFactory - Driver Binary :: /Users/saurabh16.pandey/Library/CloudStorage/OneDrive-RelianceCorporateITParkLimited/AutomationFrameWork/automationfrmwrk//drivers//chromedriver
16:43:55.712 INFO  utilities.Util - Waiting 0.02 seconds :: Clicked on ::Login
16:43:55.878 INFO  base.CustomerDriver - SendKeys on element::[[ChromeDriver: chrome on MAC (38aa33c0f9a9f6938b4ef160b7977b18)] -> id: email]Usernamefieldwith data:: test@email.com
16:43:55.925 INFO  base.CustomerDriver - SendKeys on element::[[ChromeDriver: chrome on MAC (38aa33c0f9a9f6938b4ef160b7977b18)] -> id: login-password]Passwordfieldwith data:: abcabc
16:43:55.971 INFO  utilities.Util - Waiting 0.0 seconds :: Clicked on ::LoginButton
16:43:56.186 INFO  base.CheckPoint - Clearing the HashMap
16:43:59.629 INFO  base.CustomerDriver - Elements list found with :  id=>dropdownMenu1
16:44:04.955 INFO  base.CustomerDriver - Clicked on ::All Courses Link
16:44:05.101 INFO  base.CustomerDriver - Clicked on :: searchbar using Actions class
16:44:05.240 INFO  base.CustomerDriver - Actions sendKeys on element:: [[ChromeDriver: chrome on MAC (38aa33c0f9a9f6938b4ef160b7977b18)] -> id: search] Coursename with data:: rest api
16:44:05.364 INFO  base.CustomerDriver - Clicked on :: SearchIcon using Actions class
16:44:05.377 INFO  base.CustomerDriver - Elements list found with :  xpath=>//div[@class='col-lg-4 col-md-4 col-sm-6 col-xs-12']
16:44:05.380 INFO  base.CheckPoint - Clearing the HashMap
16:44:05.386 INFO  base.CustomerDriver - Elements list found with :  id=>dropdownMenu1
16:44:06.509 INFO  base.CustomerDriver - Clicked on ::All Courses Link
16:44:06.647 INFO  base.CustomerDriver - Clicked on :: searchbar using Actions class
16:44:06.787 INFO  base.CustomerDriver - Actions sendKeys on element:: [[ChromeDriver: chrome on MAC (38aa33c0f9a9f6938b4ef160b7977b18)] -> id: search] Coursename with data:: javascript
16:44:06.919 INFO  base.CustomerDriver - Clicked on :: SearchIcon using Actions class
16:44:06.926 INFO  base.CustomerDriver - Elements list found with :  xpath=>//div[@class='col-lg-4 col-md-4 col-sm-6 col-xs-12']
