16:48:52.712 INFO  utilities.Util - Date and Time :: 03_31_2025 16_48_52
16:48:52.716 INFO  utilities.ExtentManager - *********** Report Path ***********
16:48:52.716 INFO  utilities.ExtentManager - /Users/saurabh16.pandey/Library/CloudStorage/OneDrive-RelianceCorporateITParkLimited/AutomationFrameWork/automationfrmwrk//reports//AutomationReport_03_31_2025 16_48_52.html
16:48:52.717 INFO  utilities.ExtentManager - *********** Report Path ***********
16:48:53.007 INFO  base.WebDriverFactory - OS Name from system property :: mac
16:48:53.008 INFO  base.WebDriverFactory - Driver Binary :: /Users/saurabh16.pandey/Library/CloudStorage/OneDrive-RelianceCorporateITParkLimited/AutomationFrameWork/automationfrmwrk//drivers//chromedriver
16:49:26.427 INFO  utilities.Util - Waiting 0.02 seconds :: Clicked on ::Login
16:49:28.770 INFO  base.CustomerDriver - SendKeys on element::[[ChromeDriver: chrome on MAC (cbbcbdf2a9597c5c7a5187f8c773174a)] -> id: email]Usernamefieldwith data:: test@email.com
16:49:29.761 INFO  base.CustomerDriver - SendKeys on element::[[ChromeDriver: chrome on MAC (cbbcbdf2a9597c5c7a5187f8c773174a)] -> id: login-password]Passwordfieldwith data:: abcabc
16:49:31.345 INFO  utilities.Util - Waiting 0.0 seconds :: Clicked on ::LoginButton
16:49:32.183 INFO  base.CheckPoint - Clearing the HashMap
16:49:35.063 INFO  base.CustomerDriver - Elements list found with :  id=>dropdownMenu1
16:49:43.166 INFO  base.CustomerDriver - Clicked on ::All Courses Link
16:49:43.744 INFO  base.CustomerDriver - Clicked on :: searchbar using Actions class
16:49:44.451 INFO  base.CustomerDriver - Actions sendKeys on element:: [[ChromeDriver: chrome on MAC (cbbcbdf2a9597c5c7a5187f8c773174a)] -> id: search] Coursename with data:: rest api
16:49:45.361 INFO  base.CustomerDriver - Clicked on :: SearchIcon using Actions class
16:49:45.423 INFO  base.CustomerDriver - Elements list found with :  xpath=>//div[@class='col-lg-4 col-md-4 col-sm-6 col-xs-12']
16:49:45.430 INFO  base.CheckPoint - Clearing the HashMap
16:49:45.549 INFO  base.CustomerDriver - Elements list found with :  id=>dropdownMenu1
16:49:48.011 INFO  base.CustomerDriver - Clicked on ::All Courses Link
16:49:48.462 INFO  base.CustomerDriver - Clicked on :: searchbar using Actions class
16:49:49.100 INFO  base.CustomerDriver - Actions sendKeys on element:: [[ChromeDriver: chrome on MAC (cbbcbdf2a9597c5c7a5187f8c773174a)] -> id: search] Coursename with data:: javascript
16:49:49.552 INFO  base.CustomerDriver - Clicked on :: SearchIcon using Actions class
16:49:49.709 INFO  base.CustomerDriver - Elements list found with :  xpath=>//div[@class='col-lg-4 col-md-4 col-sm-6 col-xs-12']
16:49:49.975 INFO  base.WebDriverFactory - OS Name from system property :: mac
16:49:49.975 INFO  base.WebDriverFactory - Driver Binary :: /Users/saurabh16.pandey/Library/CloudStorage/OneDrive-RelianceCorporateITParkLimited/AutomationFrameWork/automationfrmwrk//drivers//chromedriver
16:50:17.369 INFO  utilities.Util - Waiting 0.02 seconds :: Clicked on ::Login
16:50:17.403 INFO  base.CheckPoint - Clearing the HashMap
16:50:19.352 INFO  base.CustomerDriver - SendKeys on element::[[ChromeDriver: chrome on MAC (281e7aa7b8206a56f3128b0e6ff1612f)] -> id: email]Usernamefieldwith data:: test@email.com
16:50:20.123 INFO  base.CustomerDriver - SendKeys on element::[[ChromeDriver: chrome on MAC (281e7aa7b8206a56f3128b0e6ff1612f)] -> id: login-password]Passwordfieldwith data:: abcabc
16:50:21.710 INFO  utilities.Util - Waiting 0.0 seconds :: Clicked on ::LoginButton
16:50:21.746 INFO  base.CustomerDriver - Getting Text on element :: All Courses Link
16:50:21.846 INFO  base.CustomerDriver -  The text is : ALL COURSES
16:50:21.846 INFO  utilities.Util - Actual Text From Web Application UI   --> : ALL COURSES
16:50:21.846 INFO  utilities.Util - Expected Text From Web Application UI --> : All Courses
16:50:21.846 INFO  utilities.Util - ### Verification Contains !!!
16:50:21.846 INFO  base.CheckPoint - test01.HeaderVerification:->PASS
16:50:25.861 INFO  base.CustomerDriver - Elements list found with :  id=>dropdownMenu1
16:50:25.862 INFO  base.CheckPoint - test01:->login verification:->PASS
16:50:25.862 INFO  base.CheckPoint - Test method Pass
16:50:25.862 INFO  base.CheckPoint - Test method Pass
16:50:25.872 INFO  base.CustomerDriver - Elements list found with :  id=>dropdownMenu1
16:50:26.792 INFO  base.CustomerDriver - Clicked on ::Account Dropdown
16:50:26.796 INFO  base.CustomerDriver - Waiting for max:: 10 seconds for element to be available
16:50:26.980 INFO  base.CustomerDriver - Element appeared on the web page
16:50:31.765 INFO  base.CustomerDriver - Clicked on ::LogoutLink
16:50:34.151 INFO  utilities.Util - Waiting 0.02 seconds :: Clicked on ::Login
