16:15:10.860 INFO  utilities.Util - Date and Time :: 03_31_2025 16_15_10
16:15:10.863 INFO  utilities.ExtentManager - *********** Report Path ***********
16:15:10.863 INFO  utilities.ExtentManager - /Users/saurabh16.pandey/Library/CloudStorage/OneDrive-RelianceCorporateITParkLimited/AutomationFrameWork/automationfrmwrk//reports//AutomationReport_03_31_2025 16_15_10.html
16:15:10.863 INFO  utilities.ExtentManager - *********** Report Path ***********
16:15:10.996 INFO  base.TestListeners - onStart -> Test Tag Name: Application Test
16:15:10.996 INFO  base.TestListeners - These methods will be executed in this <test> tag
16:15:10.996 INFO  base.TestListeners - verifySearchCourse
16:15:10.996 INFO  base.TestListeners - signWithValidCredentials
16:15:11.007 INFO  base.WebDriverFactory - OS Name from system property :: mac
16:15:11.009 INFO  base.WebDriverFactory - Driver Binary :: /Users/saurabh16.pandey/Library/CloudStorage/OneDrive-RelianceCorporateITParkLimited/AutomationFrameWork/automationfrmwrk//drivers//chromedriver
16:15:23.996 INFO  utilities.Util - Waiting 0.02 seconds :: Clicked on ::Login
16:15:24.172 INFO  base.CustomerDriver - SendKeys on element::[[ChromeDriver: chrome on MAC (b405adb82b4dc6ad6e403acf1407a8d9)] -> id: email]Usernamefieldwith data:: test@email.com
16:15:24.219 INFO  base.CustomerDriver - SendKeys on element::[[ChromeDriver: chrome on MAC (b405adb82b4dc6ad6e403acf1407a8d9)] -> id: login-password]Passwordfieldwith data:: abcabc
16:15:24.265 INFO  base.CustomerDriver - Clicked on ::LoginButton
16:16:54.789 INFO  base.CheckPoint - Clearing the HashMap
16:17:03.125 INFO  utilities.Util - Waiting 0.01 seconds :: Clicked on ::All Courses Link
16:17:03.279 INFO  base.CustomerDriver - Clicked on :: searchbar using Actions class
16:17:03.420 INFO  base.CustomerDriver - Actions sendKeys on element:: [[ChromeDriver: chrome on MAC (b405adb82b4dc6ad6e403acf1407a8d9)] -> id: search] Coursename with data:: rest api
16:17:03.553 INFO  base.CustomerDriver - Clicked on :: SearchIcon using Actions class
16:17:03.568 INFO  base.CustomerDriver - Elements list found with :  xpath=>//div[@class='col-lg-4 col-md-4 col-sm-6 col-xs-12']
16:17:03.571 INFO  base.TestListeners - OnTestSuccess->Test Method Name :verifySearchCourse
16:17:03.599 INFO  base.CheckPoint - Clearing the HashMap
16:17:06.911 INFO  utilities.Util - Waiting 0.01 seconds :: Clicked on ::All Courses Link
16:17:07.055 INFO  base.CustomerDriver - Clicked on :: searchbar using Actions class
16:17:07.200 INFO  base.CustomerDriver - Actions sendKeys on element:: [[ChromeDriver: chrome on MAC (b405adb82b4dc6ad6e403acf1407a8d9)] -> id: search] Coursename with data:: javascript
16:17:07.331 INFO  base.CustomerDriver - Clicked on :: SearchIcon using Actions class
16:17:07.338 INFO  base.CustomerDriver - Elements list found with :  xpath=>//div[@class='col-lg-4 col-md-4 col-sm-6 col-xs-12']
16:17:07.339 INFO  base.TestListeners - OnTestSuccess->Test Method Name :verifySearchCourse
16:17:07.585 INFO  base.WebDriverFactory - OS Name from system property :: mac
16:17:07.585 INFO  base.WebDriverFactory - Driver Binary :: /Users/saurabh16.pandey/Library/CloudStorage/OneDrive-RelianceCorporateITParkLimited/AutomationFrameWork/automationfrmwrk//drivers//chromedriver
16:17:14.936 INFO  utilities.Util - Waiting 0.02 seconds :: Clicked on ::Login
16:17:14.963 INFO  base.CheckPoint - Clearing the HashMap
16:17:15.106 INFO  base.CustomerDriver - SendKeys on element::[[ChromeDriver: chrome on MAC (74ed054fc44b50690388215225f9cf55)] -> id: email]Usernamefieldwith data:: test@email.com
16:17:15.156 INFO  base.CustomerDriver - SendKeys on element::[[ChromeDriver: chrome on MAC (74ed054fc44b50690388215225f9cf55)] -> id: login-password]Passwordfieldwith data:: abcabc
16:17:15.204 INFO  base.CustomerDriver - Clicked on ::LoginButton
16:17:15.213 INFO  base.CustomerDriver - Getting Text on element :: All Courses Link
16:17:15.221 INFO  base.CustomerDriver -  The text is : ALL COURSES
16:17:15.222 ERROR utilities.Util - Actual Text From Web Application UI   --> : ALL COURSES
16:17:15.222 ERROR utilities.Util - Expected Text From Web Application UI --> : All Coursessss
16:17:15.222 ERROR utilities.Util - ### Verification DOES NOT Contains !!!
16:17:15.222 INFO  base.CheckPoint - test01.HeaderVerification:->FAIL
16:17:19.258 INFO  base.CustomerDriver - Elements list found with :  id=>dropdownMenu1
16:17:19.258 INFO  base.CheckPoint - test01:->login verification:->PASS
16:17:19.258 INFO  base.CheckPoint - Test method Fail
16:17:19.259 INFO  base.TestListeners - onTestFailure -> Test Method Name: signWithValidCredentials
16:17:19.260 INFO  base.WebDriverFactory - OS Name from system property :: mac
16:17:19.260 INFO  base.WebDriverFactory - Driver Binary :: /Users/saurabh16.pandey/Library/CloudStorage/OneDrive-RelianceCorporateITParkLimited/AutomationFrameWork/automationfrmwrk//drivers//chromedriver
16:17:19.260 INFO  utilities.Util - Date and Time :: 03_31_2025 16_17_19
16:17:19.704 INFO  base.CustomerDriver - Screen Shot Was Stored at: /Users/saurabh16.pandey/Library/CloudStorage/OneDrive-RelianceCorporateITParkLimited/AutomationFrameWork/automationfrmwrk//test-output/screenshots//chrome_signWithValidCredentials_03_31_2025 16_17_19.png
16:17:19.715 INFO  base.CustomerDriver - Elements list found with :  id=>dropdownMenu1
16:17:19.753 INFO  utilities.Util - Waiting 0.01 seconds :: Clicked on ::Account Dropdown
16:17:19.769 INFO  base.CustomerDriver - Waiting for max:: 10 seconds for element to be available
16:17:19.791 INFO  base.CustomerDriver - Element appeared on the web page
16:17:19.835 INFO  utilities.Util - Waiting 0.01 seconds :: Clicked on ::LogoutLink
16:17:22.860 INFO  utilities.Util - Waiting 0.02 seconds :: Clicked on ::Login
16:17:23.069 INFO  base.TestListeners - OnFinish -> Test Tag Name Application Test
