17:31:39.594 INFO  utilities.Util - Date and Time :: 03_31_2025 17_31_39
17:31:39.601 INFO  utilities.ExtentManager - *********** Report Path ***********
17:31:39.601 INFO  utilities.ExtentManager - /Users/saurabh16.pandey/Library/CloudStorage/OneDrive-RelianceCorporateITParkLimited/AutomationFrameWork/automationfrmwrk//reports//AutomationReport_03_31_2025 17_31_39.html
17:31:39.601 INFO  utilities.ExtentManager - *********** Report Path ***********
17:31:39.894 INFO  base.WebDriverFactory - OS Name from system property :: mac
17:31:39.894 INFO  base.WebDriverFactory - Driver Binary :: /Users/saurabh16.pandey/Library/CloudStorage/OneDrive-RelianceCorporateITParkLimited/AutomationFrameWork/automationfrmwrk//drivers//chromedriver
17:32:09.713 INFO  utilities.Util - Waiting 0.02 seconds :: Clicked on ::Login
17:32:11.824 INFO  base.CustomerDriver - SendKeys on element::[[ChromeDriver: chrome on MAC (7517d34f18c679726c83241dffd6677c)] -> id: email]Usernamefieldwith data:: test@email.com
17:32:12.736 INFO  base.CustomerDriver - SendKeys on element::[[ChromeDriver: chrome on MAC (7517d34f18c679726c83241dffd6677c)] -> id: login-password]Passwordfieldwith data:: abcabc
17:32:14.360 INFO  utilities.Util - Waiting 0.0 seconds :: Clicked on ::LoginButton
17:32:15.126 INFO  base.CheckPoint - Clearing the HashMap
17:32:17.962 INFO  base.CustomerDriver - Elements list found with :  id=>dropdownMenu1
17:32:25.611 INFO  base.CustomerDriver - Clicked on ::All Courses Link
17:32:26.302 INFO  base.CustomerDriver - Clicked on :: searchbar using Actions class
17:32:27.127 INFO  base.CustomerDriver - Actions sendKeys on element:: [[ChromeDriver: chrome on MAC (7517d34f18c679726c83241dffd6677c)] -> id: search] Coursename with data:: rest api
17:32:27.895 INFO  base.CustomerDriver - Clicked on :: SearchIcon using Actions class
17:32:27.936 INFO  base.CustomerDriver - Elements list found with :  xpath=>//div[@class='col-lg-4 col-md-4 col-sm-6 col-xs-12']
17:32:27.943 INFO  base.CheckPoint - Clearing the HashMap
17:32:28.067 INFO  base.CustomerDriver - Elements list found with :  id=>dropdownMenu1
17:32:30.736 INFO  base.CustomerDriver - Clicked on ::All Courses Link
17:32:31.258 INFO  base.CustomerDriver - Clicked on :: searchbar using Actions class
17:32:31.523 INFO  base.CustomerDriver - Actions sendKeys on element:: [[ChromeDriver: chrome on MAC (7517d34f18c679726c83241dffd6677c)] -> id: search] Coursename with data:: javascript
17:32:31.967 INFO  base.CustomerDriver - Clicked on :: SearchIcon using Actions class
17:32:32.113 INFO  base.CustomerDriver - Elements list found with :  xpath=>//div[@class='col-lg-4 col-md-4 col-sm-6 col-xs-12']
17:32:32.444 INFO  base.WebDriverFactory - OS Name from system property :: mac
17:32:32.445 INFO  base.WebDriverFactory - Driver Binary :: /Users/saurabh16.pandey/Library/CloudStorage/OneDrive-RelianceCorporateITParkLimited/AutomationFrameWork/automationfrmwrk//drivers//chromedriver
17:33:02.044 INFO  utilities.Util - Waiting 0.02 seconds :: Clicked on ::Login
17:33:02.073 INFO  base.CheckPoint - Clearing the HashMap
17:33:04.126 INFO  base.CustomerDriver - SendKeys on element::[[ChromeDriver: chrome on MAC (4ebae36e3c94485176ea1e649ffdb46d)] -> id: email]Usernamefieldwith data:: test@email.com
17:33:04.926 INFO  base.CustomerDriver - SendKeys on element::[[ChromeDriver: chrome on MAC (4ebae36e3c94485176ea1e649ffdb46d)] -> id: login-password]Passwordfieldwith data:: abcabc
17:33:06.567 INFO  utilities.Util - Waiting 0.0 seconds :: Clicked on ::LoginButton
17:33:06.601 INFO  base.CustomerDriver - Getting Text on element :: All Courses Link
17:33:06.695 INFO  base.CustomerDriver -  The text is : ALL COURSES
17:33:06.695 INFO  utilities.Util - Actual Text From Web Application UI   --> : ALL COURSES
17:33:06.696 INFO  utilities.Util - Expected Text From Web Application UI --> : All Courses
17:33:06.696 INFO  utilities.Util - ### Verification Contains !!!
17:33:06.696 INFO  base.CheckPoint - test01.HeaderVerification:->PASS
17:33:10.249 INFO  base.CustomerDriver - Elements list found with :  id=>dropdownMenu1
17:33:10.250 INFO  base.CheckPoint - test01:->login verification:->PASS
17:33:10.250 INFO  base.CheckPoint - Test method Pass
17:33:10.250 INFO  base.CheckPoint - Test method Pass
17:33:10.295 INFO  base.CustomerDriver - Elements list found with :  id=>dropdownMenu1
17:33:11.183 INFO  base.CustomerDriver - Clicked on ::Account Dropdown
17:33:11.189 INFO  base.CustomerDriver - Waiting for max:: 10 seconds for element to be available
17:33:11.358 INFO  base.CustomerDriver - Element appeared on the web page
17:33:15.476 INFO  base.CustomerDriver - Clicked on ::LogoutLink
17:33:18.576 ERROR base.CustomerDriver - Element not found with locatorxpath=>//a[@href='/login']
17:33:18.578 ERROR base.CustomerDriver - Cannot clicked on  ::Login
17:33:18.580 INFO  utilities.Util - Date and Time :: 03_31_2025 17_33_18
17:33:18.942 INFO  base.CustomerDriver - Screen Shot Was Stored at: /Users/saurabh16.pandey/Library/CloudStorage/OneDrive-RelianceCorporateITParkLimited/AutomationFrameWork/automationfrmwrk//test-output/screenshots// _Click Error_03_31_2025 17_33_18.png
