16:36:41.305 INFO  utilities.Util - Date and Time :: 03_31_2025 16_36_41
16:36:41.308 INFO  utilities.ExtentManager - *********** Report Path ***********
16:36:41.308 INFO  utilities.ExtentManager - /Users/saurabh16.pandey/Library/CloudStorage/OneDrive-RelianceCorporateITParkLimited/AutomationFrameWork/automationfrmwrk//reports//AutomationReport_03_31_2025 16_36_41.html
16:36:41.308 INFO  utilities.ExtentManager - *********** Report Path ***********
16:36:41.432 INFO  base.TestListeners - onStart -> Test Tag Name: Application Test
16:36:41.432 INFO  base.TestListeners - These methods will be executed in this <test> tag
16:36:41.432 INFO  base.TestListeners - verifySearchCourse
16:36:41.432 INFO  base.TestListeners - signWithValidCredentials
16:36:41.444 INFO  base.WebDriverFactory - OS Name from system property :: mac
16:36:41.445 INFO  base.WebDriverFactory - Driver Binary :: /Users/saurabh16.pandey/Library/CloudStorage/OneDrive-RelianceCorporateITParkLimited/AutomationFrameWork/automationfrmwrk//drivers//chromedriver
16:36:49.876 INFO  utilities.Util - Waiting 0.02 seconds :: Clicked on ::Login
16:36:50.041 INFO  base.CustomerDriver - SendKeys on element::[[ChromeDriver: chrome on MAC (4949aaf86000730640b52b69ff61c02a)] -> id: email]Usernamefieldwith data:: test@email.com
16:36:50.093 INFO  base.CustomerDriver - SendKeys on element::[[ChromeDriver: chrome on MAC (4949aaf86000730640b52b69ff61c02a)] -> id: login-password]Passwordfieldwith data:: abcabc
16:36:50.136 INFO  base.CustomerDriver - Clicked on ::LoginButton
16:36:50.354 INFO  base.CheckPoint - Clearing the HashMap
16:36:53.764 INFO  base.CustomerDriver - Elements list found with :  id=>dropdownMenu1
16:36:54.683 INFO  utilities.Util - Waiting 0.01 seconds :: Clicked on ::All Courses Link
16:37:04.802 ERROR base.CustomerDriver - Element not found with locatorid=>search
16:37:04.805 ERROR base.CustomerDriver - Cannot Click on :: searchbar - Exception: Must provide a location for a move action.
16:37:14.834 ERROR base.CustomerDriver - Element not found with locatorid=>search
16:37:14.835 ERROR base.CustomerDriver - Element not found for locator: id=>search
