00:16:01.143 INFO  utilities.Util - Date and Time :: 03_22_2025 00_16_01
00:16:01.149 INFO  utilities.ExtentManager - *********** Report Path ***********
00:16:01.149 INFO  utilities.ExtentManager - /Users/saurabh16.pandey/Library/CloudStorage/OneDrive-RelianceCorporateITParkLimited/AutomationFrameWork/automationfrmwrk//reports//AutomationReport_03_22_2025 00_16_01.html
00:16:01.150 INFO  utilities.ExtentManager - *********** Report Path ***********
00:16:01.617 INFO  base.TestListeners - onStart -> Test Tag Name: Application Test
00:16:01.617 INFO  base.TestListeners - These methods will be executed in this <test> tag
00:16:01.617 INFO  base.TestListeners - verifySearchCourse
00:16:01.617 INFO  base.TestListeners - signWithValidCredentials
00:16:01.654 INFO  base.WebDriverFactory - OS Name from system property :: mac
00:16:01.654 INFO  base.WebDriverFactory - Driver Binary :: /Users/saurabh16.pandey/Library/CloudStorage/OneDrive-RelianceCorporateITParkLimited/AutomationFrameWork/automationfrmwrk//drivers//chromedriver
00:16:23.419 INFO  utilities.Util - Waiting 0.02 seconds :: Clicked on ::Login
00:16:24.713 INFO  base.CustomerDriver - SendKeys on element::[[ChromeDriver: chrome on MAC (3677af30c50c76def0273605032a4eb1)] -> id: email]Usernamefieldwith data:: test@email.com
00:16:25.515 INFO  base.CustomerDriver - SendKeys on element::[[ChromeDriver: chrome on MAC (3677af30c50c76def0273605032a4eb1)] -> id: login-password]Passwordfieldwith data:: abcabc
00:16:26.788 INFO  base.CustomerDriver - Clicked on ::LoginButton
00:16:27.302 INFO  base.CheckPoint - Clearing the HashMap
00:16:37.297 INFO  utilities.Util - Waiting 0.01 seconds :: Clicked on ::All Courses Link
00:16:37.723 INFO  base.CustomerDriver - Clicked on :: searchbar using Actions class
00:16:38.206 INFO  base.CustomerDriver - Actions sendKeys on element:: [[ChromeDriver: chrome on MAC (3677af30c50c76def0273605032a4eb1)] -> id: search] Coursename with data:: rest api
00:16:38.676 INFO  base.CustomerDriver - Clicked on :: SearchIcon using Actions class
00:16:38.716 INFO  base.CustomerDriver - Elements list found with :  xpath=>//div[@class='col-lg-4 col-md-4 col-sm-6 col-xs-12']
00:16:38.721 INFO  base.TestListeners - OnTestSuccess->Test Method Name :verifySearchCourse
00:16:38.737 INFO  base.CheckPoint - Clearing the HashMap
00:16:42.280 INFO  utilities.Util - Waiting 0.01 seconds :: Clicked on ::All Courses Link
00:16:42.682 INFO  base.CustomerDriver - Clicked on :: searchbar using Actions class
00:16:43.147 INFO  base.CustomerDriver - Actions sendKeys on element:: [[ChromeDriver: chrome on MAC (3677af30c50c76def0273605032a4eb1)] -> id: search] Coursename with data:: javascript
00:16:43.488 INFO  base.CustomerDriver - Clicked on :: SearchIcon using Actions class
00:16:43.586 INFO  base.CustomerDriver - Elements list found with :  xpath=>//div[@class='col-lg-4 col-md-4 col-sm-6 col-xs-12']
00:16:43.587 INFO  base.TestListeners - OnTestSuccess->Test Method Name :verifySearchCourse
00:16:43.814 INFO  base.WebDriverFactory - OS Name from system property :: mac
00:16:43.814 INFO  base.WebDriverFactory - Driver Binary :: /Users/saurabh16.pandey/Library/CloudStorage/OneDrive-RelianceCorporateITParkLimited/AutomationFrameWork/automationfrmwrk//drivers//chromedriver
00:17:05.842 INFO  utilities.Util - Waiting 0.02 seconds :: Clicked on ::Login
00:17:05.868 INFO  base.CheckPoint - Clearing the HashMap
00:17:07.212 INFO  base.CustomerDriver - SendKeys on element::[[ChromeDriver: chrome on MAC (f35e0f1569c7d7c82b9d4c80ccf2eb12)] -> id: email]Usernamefieldwith data:: test@email.com
00:17:07.924 INFO  base.CustomerDriver - SendKeys on element::[[ChromeDriver: chrome on MAC (f35e0f1569c7d7c82b9d4c80ccf2eb12)] -> id: login-password]Passwordfieldwith data:: abcabc
00:17:09.249 INFO  base.CustomerDriver - Clicked on ::LoginButton
00:17:09.269 INFO  base.CustomerDriver - Getting Text on element :: All Courses Link
00:17:09.345 INFO  base.CustomerDriver -  The text is : ALL COURSES
00:17:09.346 ERROR utilities.Util - Actual Text From Web Application UI   --> : ALL COURSES
00:17:09.346 ERROR utilities.Util - Expected Text From Web Application UI --> : All Coursessss
00:17:09.346 ERROR utilities.Util - ### Verification DOES NOT Contains !!!
00:17:09.346 INFO  base.CheckPoint - test01.HeaderVerification:->FAIL
00:17:12.616 INFO  base.CustomerDriver - Elements list found with :  id=>dropdownMenu1
00:17:12.616 INFO  base.CheckPoint - test01:->login verification:->PASS
00:17:12.616 INFO  base.CheckPoint - Test method Fail
00:17:12.619 INFO  base.TestListeners - onTestFailure -> Test Method Name: signWithValidCredentials
00:17:12.620 INFO  base.WebDriverFactory - OS Name from system property :: mac
00:17:12.621 INFO  base.TestListeners - onTestFailure -> Test Method Name: signWithValidCredentials
00:17:12.621 INFO  base.WebDriverFactory - OS Name from system property :: mac
00:17:12.791 INFO  base.TestListeners - OnFinish -> Test Tag Name Application Test
