17:08:46.145 INFO  utilities.Util - Date and Time :: 03_31_2025 17_08_46
17:08:46.149 INFO  utilities.ExtentManager - *********** Report Path ***********
17:08:46.150 INFO  utilities.ExtentManager - /Users/saurabh16.pandey/Library/CloudStorage/OneDrive-RelianceCorporateITParkLimited/AutomationFrameWork/automationfrmwrk//reports//AutomationReport_03_31_2025 17_08_46.html
17:08:46.151 INFO  utilities.ExtentManager - *********** Report Path ***********
17:08:46.446 INFO  base.WebDriverFactory - OS Name from system property :: mac
17:08:46.447 INFO  base.WebDriverFactory - Driver Binary :: /Users/saurabh16.pandey/Library/CloudStorage/OneDrive-RelianceCorporateITParkLimited/AutomationFrameWork/automationfrmwrk//drivers//chromedriver
17:09:17.109 INFO  utilities.Util - Waiting 0.02 seconds :: Clicked on ::Login
17:09:19.285 INFO  base.CustomerDriver - SendKeys on element::[[ChromeDriver: chrome on MAC (205daedfa4a4bfb0f8e2753a031e1ec4)] -> id: email]Usernamefieldwith data:: test@email.com
17:09:20.318 INFO  base.CustomerDriver - SendKeys on element::[[ChromeDriver: chrome on MAC (205daedfa4a4bfb0f8e2753a031e1ec4)] -> id: login-password]Passwordfieldwith data:: abcabc
17:09:21.859 INFO  utilities.Util - Waiting 0.0 seconds :: Clicked on ::LoginButton
17:09:22.613 INFO  base.CheckPoint - Clearing the HashMap
17:09:26.254 INFO  base.CustomerDriver - Elements list found with :  id=>dropdownMenu1
17:09:34.656 INFO  base.CustomerDriver - Clicked on ::All Courses Link
17:09:35.133 INFO  base.CustomerDriver - Clicked on :: searchbar using Actions class
17:09:35.974 INFO  base.CustomerDriver - Actions sendKeys on element:: [[ChromeDriver: chrome on MAC (205daedfa4a4bfb0f8e2753a031e1ec4)] -> id: search] Coursename with data:: rest api
17:09:36.834 INFO  base.CustomerDriver - Clicked on :: SearchIcon using Actions class
17:09:36.952 INFO  base.CustomerDriver - Elements list found with :  xpath=>//div[@class='col-lg-4 col-md-4 col-sm-6 col-xs-12']
17:09:36.961 INFO  base.CheckPoint - Clearing the HashMap
17:09:37.069 INFO  base.CustomerDriver - Elements list found with :  id=>dropdownMenu1
17:09:39.756 INFO  base.CustomerDriver - Clicked on ::All Courses Link
17:09:40.265 INFO  base.CustomerDriver - Clicked on :: searchbar using Actions class
17:09:40.813 INFO  base.CustomerDriver - Actions sendKeys on element:: [[ChromeDriver: chrome on MAC (205daedfa4a4bfb0f8e2753a031e1ec4)] -> id: search] Coursename with data:: javascript
17:09:41.333 INFO  base.CustomerDriver - Clicked on :: SearchIcon using Actions class
17:09:41.633 INFO  base.CustomerDriver - Elements list found with :  xpath=>//div[@class='col-lg-4 col-md-4 col-sm-6 col-xs-12']
17:09:41.869 INFO  base.WebDriverFactory - OS Name from system property :: mac
17:09:41.869 INFO  base.WebDriverFactory - Driver Binary :: /Users/saurabh16.pandey/Library/CloudStorage/OneDrive-RelianceCorporateITParkLimited/AutomationFrameWork/automationfrmwrk//drivers//chromedriver
17:10:09.087 INFO  utilities.Util - Waiting 0.02 seconds :: Clicked on ::Login
17:10:09.119 INFO  base.CheckPoint - Clearing the HashMap
17:10:10.709 INFO  base.CustomerDriver - SendKeys on element::[[ChromeDriver: chrome on MAC (7245dc0e480d2ceb551edd337c8bb2ee)] -> id: email]Usernamefieldwith data:: test@email.com
17:10:11.499 INFO  base.CustomerDriver - SendKeys on element::[[ChromeDriver: chrome on MAC (7245dc0e480d2ceb551edd337c8bb2ee)] -> id: login-password]Passwordfieldwith data:: abcabc
17:10:13.122 INFO  utilities.Util - Waiting 0.0 seconds :: Clicked on ::LoginButton
17:10:13.154 INFO  base.CustomerDriver - Getting Text on element :: All Courses Link
17:10:13.254 INFO  base.CustomerDriver -  The text is : ALL COURSES
17:10:13.254 INFO  utilities.Util - Actual Text From Web Application UI   --> : ALL COURSES
17:10:13.254 INFO  utilities.Util - Expected Text From Web Application UI --> : All Courses
17:10:13.254 INFO  utilities.Util - ### Verification Contains !!!
17:10:13.254 INFO  base.CheckPoint - test01.HeaderVerification:->PASS
17:10:16.395 INFO  base.CustomerDriver - Elements list found with :  id=>dropdownMenu1
17:10:16.395 INFO  base.CheckPoint - test01:->login verification:->PASS
17:10:16.395 INFO  base.CheckPoint - Test method Pass
17:10:16.395 INFO  base.CheckPoint - Test method Pass
17:10:16.411 INFO  base.CustomerDriver - Elements list found with :  id=>dropdownMenu1
17:10:18.039 INFO  base.CustomerDriver - Clicked on ::Account Dropdown
17:10:18.043 INFO  base.CustomerDriver - Waiting for max:: 10 seconds for element to be available
17:10:18.202 INFO  base.CustomerDriver - Element appeared on the web page
17:10:22.760 INFO  base.CustomerDriver - Clicked on ::LogoutLink
17:10:25.031 INFO  utilities.Util - Waiting 0.02 seconds :: Clicked on ::Login
