17:21:24.713 INFO  utilities.Util - Date and Time :: 03_31_2025 17_21_24
17:21:24.717 INFO  utilities.ExtentManager - *********** Report Path ***********
17:21:24.717 INFO  utilities.ExtentManager - /Users/saurabh16.pandey/Library/CloudStorage/OneDrive-RelianceCorporateITParkLimited/AutomationFrameWork/automationfrmwrk//reports//AutomationReport_03_31_2025 17_21_24.html
17:21:24.717 INFO  utilities.ExtentManager - *********** Report Path ***********
17:21:25.002 INFO  base.WebDriverFactory - OS Name from system property :: mac
17:21:25.003 INFO  base.WebDriverFactory - Driver Binary :: /Users/saurabh16.pandey/Library/CloudStorage/OneDrive-RelianceCorporateITParkLimited/AutomationFrameWork/automationfrmwrk//drivers//chromedriver
17:21:55.461 INFO  utilities.Util - Waiting 0.02 seconds :: Clicked on ::Login
17:21:57.540 INFO  base.CustomerDriver - SendKeys on element::[[ChromeDriver: chrome on MAC (36f1d91fb92e50e4d3a79e6391b0c399)] -> id: email]Usernamefieldwith data:: test@email.com
17:21:58.673 INFO  base.CustomerDriver - SendKeys on element::[[ChromeDriver: chrome on MAC (36f1d91fb92e50e4d3a79e6391b0c399)] -> id: login-password]Passwordfieldwith data:: abcabc
17:22:00.283 INFO  utilities.Util - Waiting 0.0 seconds :: Clicked on ::LoginButton
17:22:01.041 INFO  base.CheckPoint - Clearing the HashMap
17:22:04.432 INFO  base.CustomerDriver - Elements list found with :  id=>dropdownMenu1
17:22:12.188 INFO  base.CustomerDriver - Clicked on ::All Courses Link
17:22:12.643 INFO  base.CustomerDriver - Clicked on :: searchbar using Actions class
17:22:13.481 INFO  base.CustomerDriver - Actions sendKeys on element:: [[ChromeDriver: chrome on MAC (36f1d91fb92e50e4d3a79e6391b0c399)] -> id: search] Coursename with data:: rest api
17:22:14.300 INFO  base.CustomerDriver - Clicked on :: SearchIcon using Actions class
17:22:14.437 INFO  base.CustomerDriver - Elements list found with :  xpath=>//div[@class='col-lg-4 col-md-4 col-sm-6 col-xs-12']
17:22:14.445 INFO  base.CheckPoint - Clearing the HashMap
17:22:14.581 INFO  base.CustomerDriver - Elements list found with :  id=>dropdownMenu1
17:22:18.552 INFO  base.CustomerDriver - Clicked on ::All Courses Link
17:22:19.023 INFO  base.CustomerDriver - Clicked on :: searchbar using Actions class
17:22:19.476 INFO  base.CustomerDriver - Actions sendKeys on element:: [[ChromeDriver: chrome on MAC (36f1d91fb92e50e4d3a79e6391b0c399)] -> id: search] Coursename with data:: javascript
17:22:19.964 INFO  base.CustomerDriver - Clicked on :: SearchIcon using Actions class
17:22:20.136 INFO  base.CustomerDriver - Elements list found with :  xpath=>//div[@class='col-lg-4 col-md-4 col-sm-6 col-xs-12']
17:22:20.417 INFO  base.WebDriverFactory - OS Name from system property :: mac
17:22:20.417 INFO  base.WebDriverFactory - Driver Binary :: /Users/saurabh16.pandey/Library/CloudStorage/OneDrive-RelianceCorporateITParkLimited/AutomationFrameWork/automationfrmwrk//drivers//chromedriver
17:22:48.813 INFO  utilities.Util - Waiting 0.02 seconds :: Clicked on ::Login
17:22:48.846 INFO  base.CheckPoint - Clearing the HashMap
17:22:50.440 INFO  base.CustomerDriver - SendKeys on element::[[ChromeDriver: chrome on MAC (fb86009f0f1b0597310c2ac7750a4e0d)] -> id: email]Usernamefieldwith data:: test@email.com
17:22:51.497 INFO  base.CustomerDriver - SendKeys on element::[[ChromeDriver: chrome on MAC (fb86009f0f1b0597310c2ac7750a4e0d)] -> id: login-password]Passwordfieldwith data:: abcabc
17:22:53.041 INFO  utilities.Util - Waiting 0.0 seconds :: Clicked on ::LoginButton
17:22:53.077 INFO  base.CustomerDriver - Getting Text on element :: All Courses Link
17:22:53.179 INFO  base.CustomerDriver -  The text is : ALL COURSES
17:22:53.179 INFO  utilities.Util - Actual Text From Web Application UI   --> : ALL COURSES
17:22:53.179 INFO  utilities.Util - Expected Text From Web Application UI --> : All Courses
17:22:53.179 INFO  utilities.Util - ### Verification Contains !!!
17:22:53.179 INFO  base.CheckPoint - test01.HeaderVerification:->PASS
17:22:56.481 INFO  base.CustomerDriver - Elements list found with :  id=>dropdownMenu1
17:22:56.481 INFO  base.CheckPoint - test01:->login verification:->PASS
17:22:56.482 INFO  base.CheckPoint - Test method Pass
17:22:56.482 INFO  base.CheckPoint - Test method Pass
17:22:56.524 INFO  base.CustomerDriver - Elements list found with :  id=>dropdownMenu1
17:22:57.402 INFO  base.CustomerDriver - Clicked on ::Account Dropdown
17:22:57.409 INFO  base.CustomerDriver - Waiting for max:: 10 seconds for element to be available
17:22:57.578 INFO  base.CustomerDriver - Element appeared on the web page
17:23:02.880 INFO  base.CustomerDriver - Clicked on ::LogoutLink
17:23:05.996 ERROR base.CustomerDriver - Element not found with locatorxpath=>//a[@href='/login']
17:23:05.997 ERROR base.CustomerDriver - Cannot clicked on  ::Login
17:23:06.000 INFO  utilities.Util - Date and Time :: 03_31_2025 17_23_05
17:23:06.571 INFO  base.CustomerDriver - Screen Shot Was Stored at: /Users/saurabh16.pandey/Library/CloudStorage/OneDrive-RelianceCorporateITParkLimited/AutomationFrameWork/automationfrmwrk//test-output/screenshots// _Click Error_03_31_2025 17_23_05.png
