16:05:07.834 INFO  utilities.Util - Date and Time :: 03_31_2025 16_05_07
16:05:07.837 INFO  utilities.ExtentManager - *********** Report Path ***********
16:05:07.837 INFO  utilities.ExtentManager - /Users/saurabh16.pandey/Library/CloudStorage/OneDrive-RelianceCorporateITParkLimited/AutomationFrameWork/automationfrmwrk//reports//AutomationReport_03_31_2025 16_05_07.html
16:05:07.837 INFO  utilities.ExtentManager - *********** Report Path ***********
16:05:07.932 INFO  base.WebDriverFactory - OS Name from system property :: mac
16:05:07.934 INFO  base.WebDriverFactory - Driver Binary :: /Users/saurabh16.pandey/Library/CloudStorage/OneDrive-RelianceCorporateITParkLimited/AutomationFrameWork/automationfrmwrk//drivers//chromedriver
16:05:16.089 INFO  utilities.Util - Waiting 0.02 seconds :: Clicked on ::Login
16:05:16.321 INFO  base.CustomerDriver - SendKeys on element::[[ChromeDriver: chrome on MAC (e46a17c258bc323dbe829e448f7cd262)] -> id: email]Usernamefieldwith data:: test@email.com
16:05:16.377 INFO  base.CustomerDriver - SendKeys on element::[[ChromeDriver: chrome on MAC (e46a17c258bc323dbe829e448f7cd262)] -> id: login-password]Passwordfieldwith data:: abcabc
16:05:16.427 INFO  base.CustomerDriver - Clicked on ::LoginButton
16:05:16.674 INFO  base.CheckPoint - Clearing the HashMap
16:05:25.996 INFO  utilities.Util - Waiting 0.01 seconds :: Clicked on ::All Courses Link
16:05:26.145 INFO  base.CustomerDriver - Clicked on :: searchbar using Actions class
16:05:26.280 INFO  base.CustomerDriver - Actions sendKeys on element:: [[ChromeDriver: chrome on MAC (e46a17c258bc323dbe829e448f7cd262)] -> id: search] Coursename with data:: rest api
16:05:26.416 INFO  base.CustomerDriver - Clicked on :: SearchIcon using Actions class
16:05:26.429 INFO  base.CustomerDriver - Elements list found with :  xpath=>//div[@class='col-lg-4 col-md-4 col-sm-6 col-xs-12']
16:05:26.431 INFO  base.CheckPoint - Clearing the HashMap
16:05:29.665 INFO  utilities.Util - Waiting 0.01 seconds :: Clicked on ::All Courses Link
16:05:29.817 INFO  base.CustomerDriver - Clicked on :: searchbar using Actions class
16:05:29.955 INFO  base.CustomerDriver - Actions sendKeys on element:: [[ChromeDriver: chrome on MAC (e46a17c258bc323dbe829e448f7cd262)] -> id: search] Coursename with data:: javascript
16:05:30.089 INFO  base.CustomerDriver - Clicked on :: SearchIcon using Actions class
16:05:30.096 INFO  base.CustomerDriver - Elements list found with :  xpath=>//div[@class='col-lg-4 col-md-4 col-sm-6 col-xs-12']
16:05:30.351 INFO  base.WebDriverFactory - OS Name from system property :: mac
16:05:30.352 INFO  base.WebDriverFactory - Driver Binary :: /Users/saurabh16.pandey/Library/CloudStorage/OneDrive-RelianceCorporateITParkLimited/AutomationFrameWork/automationfrmwrk//drivers//chromedriver
16:05:37.102 INFO  utilities.Util - Waiting 0.02 seconds :: Clicked on ::Login
16:05:37.129 INFO  base.CheckPoint - Clearing the HashMap
16:05:37.293 INFO  base.CustomerDriver - SendKeys on element::[[ChromeDriver: chrome on MAC (c2efcfa070a9c9d01759a2d129cec0f1)] -> id: email]Usernamefieldwith data:: test@email.com
16:05:37.343 INFO  base.CustomerDriver - SendKeys on element::[[ChromeDriver: chrome on MAC (c2efcfa070a9c9d01759a2d129cec0f1)] -> id: login-password]Passwordfieldwith data:: abcabc
16:05:37.390 INFO  base.CustomerDriver - Clicked on ::LoginButton
16:05:37.398 INFO  base.CustomerDriver - Getting Text on element :: All Courses Link
16:05:37.406 INFO  base.CustomerDriver -  The text is : ALL COURSES
16:05:37.406 ERROR utilities.Util - Actual Text From Web Application UI   --> : ALL COURSES
16:05:37.406 ERROR utilities.Util - Expected Text From Web Application UI --> : All Coursessss
16:05:37.406 ERROR utilities.Util - ### Verification DOES NOT Contains !!!
16:05:37.407 INFO  base.CheckPoint - test01.HeaderVerification:->FAIL
16:05:40.672 INFO  base.CustomerDriver - Elements list found with :  id=>dropdownMenu1
16:05:40.672 INFO  base.CheckPoint - test01:->login verification:->PASS
16:05:40.673 INFO  base.CheckPoint - Test method Fail
16:05:40.680 INFO  base.CustomerDriver - Elements list found with :  id=>dropdownMenu1
16:05:40.721 INFO  utilities.Util - Waiting 0.01 seconds :: Clicked on ::Account Dropdown
16:05:40.736 INFO  base.CustomerDriver - Waiting for max:: 10 seconds for element to be available
16:05:40.760 INFO  base.CustomerDriver - Element appeared on the web page
16:05:41.629 INFO  utilities.Util - Waiting 0.01 seconds :: Clicked on ::LogoutLink
16:05:42.561 INFO  utilities.Util - Waiting 0.02 seconds :: Clicked on ::Login
