15:35:35.092 INFO  utilities.Util - Date and Time :: 03_31_2025 15_35_35
15:35:35.098 INFO  utilities.ExtentManager - *********** Report Path ***********
15:35:35.099 INFO  utilities.ExtentManager - /Users/saurabh16.pandey/Library/CloudStorage/OneDrive-RelianceCorporateITParkLimited/AutomationFrameWork/automationfrmwrk//reports//AutomationReport_03_31_2025 15_35_35.html
15:35:35.099 INFO  utilities.ExtentManager - *********** Report Path ***********
15:35:35.193 INFO  base.WebDriverFactory - OS Name from system property :: mac
15:35:35.193 INFO  base.WebDriverFactory - Driver Binary :: /Users/saurabh16.pandey/Library/CloudStorage/OneDrive-RelianceCorporateITParkLimited/AutomationFrameWork/automationfrmwrk//drivers//chromedriver
15:37:14.961 INFO  utilities.Util - Waiting 0.02 seconds :: Clicked on ::Login
15:37:15.125 INFO  base.CustomerDriver - SendKeys on element::[[ChromeDriver: chrome on MAC (9ce78c653f414d2a38b8441314e67e24)] -> id: email]Usernamefieldwith data:: test@email.com
15:37:15.170 INFO  base.CustomerDriver - SendKeys on element::[[ChromeDriver: chrome on MAC (9ce78c653f414d2a38b8441314e67e24)] -> id: login-password]Passwordfieldwith data:: abcabc
15:37:15.290 INFO  base.CustomerDriver - Clicked on ::LoginButton
15:37:15.510 INFO  base.CheckPoint - Clearing the HashMap
15:39:21.633 INFO  utilities.Util - Waiting 0.01 seconds :: Clicked on ::All Courses Link
15:39:21.787 INFO  base.CustomerDriver - Clicked on :: searchbar using Actions class
15:39:21.923 INFO  base.CustomerDriver - Actions sendKeys on element:: [[ChromeDriver: chrome on MAC (9ce78c653f414d2a38b8441314e67e24)] -> id: search] Coursename with data:: rest api
15:39:22.057 INFO  base.CustomerDriver - Clicked on :: SearchIcon using Actions class
15:39:22.077 INFO  base.CustomerDriver - Elements list found with :  xpath=>//div[@class='col-lg-4 col-md-4 col-sm-6 col-xs-12']
15:39:22.080 INFO  base.CheckPoint - Clearing the HashMap
15:40:23.325 INFO  utilities.Util - Waiting 0.01 seconds :: Clicked on ::All Courses Link
15:40:23.474 INFO  base.CustomerDriver - Clicked on :: searchbar using Actions class
15:40:23.692 INFO  base.CustomerDriver - Actions sendKeys on element:: [[ChromeDriver: chrome on MAC (9ce78c653f414d2a38b8441314e67e24)] -> id: search] Coursename with data:: javascript
15:40:23.818 INFO  base.CustomerDriver - Clicked on :: SearchIcon using Actions class
15:40:23.825 INFO  base.CustomerDriver - Elements list found with :  xpath=>//div[@class='col-lg-4 col-md-4 col-sm-6 col-xs-12']
15:40:24.097 INFO  base.WebDriverFactory - OS Name from system property :: mac
15:40:24.097 INFO  base.WebDriverFactory - Driver Binary :: /Users/saurabh16.pandey/Library/CloudStorage/OneDrive-RelianceCorporateITParkLimited/AutomationFrameWork/automationfrmwrk//drivers//chromedriver
15:42:01.092 INFO  utilities.Util - Waiting 0.02 seconds :: Clicked on ::Login
15:42:01.120 INFO  base.CheckPoint - Clearing the HashMap
15:42:01.266 INFO  base.CustomerDriver - SendKeys on element::[[ChromeDriver: chrome on MAC (dec0cbc338d53582511f4f0f3c689048)] -> id: email]Usernamefieldwith data:: test@email.com
15:42:01.315 INFO  base.CustomerDriver - SendKeys on element::[[ChromeDriver: chrome on MAC (dec0cbc338d53582511f4f0f3c689048)] -> id: login-password]Passwordfieldwith data:: abcabc
15:42:01.358 INFO  base.CustomerDriver - Clicked on ::LoginButton
15:42:01.366 INFO  base.CustomerDriver - Getting Text on element :: All Courses Link
15:42:01.380 INFO  base.CustomerDriver -  The text is : ALL COURSES
15:42:01.380 ERROR utilities.Util - Actual Text From Web Application UI   --> : ALL COURSES
15:42:01.380 ERROR utilities.Util - Expected Text From Web Application UI --> : All Coursessss
15:42:01.380 ERROR utilities.Util - ### Verification DOES NOT Contains !!!
15:42:01.381 INFO  base.CheckPoint - test01.HeaderVerification:->FAIL
15:42:33.437 INFO  base.CustomerDriver - Elements list not found with :  id=>dropdownMenu1
15:42:33.437 INFO  base.CheckPoint - test01:->login verification:->FAIL
15:42:33.437 INFO  base.CheckPoint - Test method Fail
15:42:33.449 INFO  base.CustomerDriver - Elements list found with :  id=>dropdownMenu1
15:42:33.489 INFO  utilities.Util - Waiting 0.01 seconds :: Clicked on ::Account Dropdown
15:42:33.504 INFO  base.CustomerDriver - Waiting for max:: 10 seconds for element to be available
15:42:33.529 INFO  base.CustomerDriver - Element appeared on the web page
15:43:04.569 INFO  utilities.Util - Waiting 0.01 seconds :: Clicked on ::LogoutLink
15:43:35.562 INFO  utilities.Util - Waiting 0.02 seconds :: Clicked on ::Login
