16:55:25.434 INFO  utilities.Util - Date and Time :: 03_31_2025 16_55_25
16:55:25.438 INFO  utilities.ExtentManager - *********** Report Path ***********
16:55:25.438 INFO  utilities.ExtentManager - /Users/saurabh16.pandey/Library/CloudStorage/OneDrive-RelianceCorporateITParkLimited/AutomationFrameWork/automationfrmwrk//reports//AutomationReport_03_31_2025 16_55_25.html
16:55:25.439 INFO  utilities.ExtentManager - *********** Report Path ***********
16:55:25.745 INFO  base.WebDriverFactory - OS Name from system property :: mac
16:55:25.745 INFO  base.WebDriverFactory - Driver Binary :: /Users/saurabh16.pandey/Library/CloudStorage/OneDrive-RelianceCorporateITParkLimited/AutomationFrameWork/automationfrmwrk//drivers//chromedriver
16:55:58.770 INFO  utilities.Util - Waiting 0.02 seconds :: Clicked on ::Login
16:56:00.579 INFO  base.CustomerDriver - SendKeys on element::[[ChromeDriver: chrome on MAC (b87c6bf5247bac1042569327b5fc46bb)] -> id: email]Usernamefieldwith data:: test@email.com
16:56:01.631 INFO  base.CustomerDriver - SendKeys on element::[[ChromeDriver: chrome on MAC (b87c6bf5247bac1042569327b5fc46bb)] -> id: login-password]Passwordfieldwith data:: abcabc
16:56:03.233 INFO  utilities.Util - Waiting 0.0 seconds :: Clicked on ::LoginButton
16:56:03.979 INFO  base.CheckPoint - Clearing the HashMap
16:56:06.889 INFO  base.CustomerDriver - Elements list found with :  id=>dropdownMenu1
16:56:15.085 INFO  base.CustomerDriver - Clicked on ::All Courses Link
16:56:15.591 INFO  base.CustomerDriver - Clicked on :: searchbar using Actions class
16:56:16.210 INFO  base.CustomerDriver - Actions sendKeys on element:: [[ChromeDriver: chrome on MAC (b87c6bf5247bac1042569327b5fc46bb)] -> id: search] Coursename with data:: rest api
16:56:17.161 INFO  base.CustomerDriver - Clicked on :: SearchIcon using Actions class
16:56:17.307 INFO  base.CustomerDriver - Elements list found with :  xpath=>//div[@class='col-lg-4 col-md-4 col-sm-6 col-xs-12']
16:56:17.314 INFO  base.CheckPoint - Clearing the HashMap
16:56:17.716 INFO  base.CustomerDriver - Elements list found with :  id=>dropdownMenu1
16:56:22.188 INFO  base.CustomerDriver - Clicked on ::All Courses Link
16:56:22.750 INFO  base.CustomerDriver - Clicked on :: searchbar using Actions class
16:56:23.225 INFO  base.CustomerDriver - Actions sendKeys on element:: [[ChromeDriver: chrome on MAC (b87c6bf5247bac1042569327b5fc46bb)] -> id: search] Coursename with data:: javascript
16:56:23.803 INFO  base.CustomerDriver - Clicked on :: SearchIcon using Actions class
16:56:23.957 INFO  base.CustomerDriver - Elements list found with :  xpath=>//div[@class='col-lg-4 col-md-4 col-sm-6 col-xs-12']
16:56:24.181 INFO  base.WebDriverFactory - OS Name from system property :: mac
16:56:24.181 INFO  base.WebDriverFactory - Driver Binary :: /Users/saurabh16.pandey/Library/CloudStorage/OneDrive-RelianceCorporateITParkLimited/AutomationFrameWork/automationfrmwrk//drivers//chromedriver
16:56:53.895 INFO  utilities.Util - Waiting 0.02 seconds :: Clicked on ::Login
16:56:53.931 INFO  base.CheckPoint - Clearing the HashMap
16:56:56.062 INFO  base.CustomerDriver - SendKeys on element::[[ChromeDriver: chrome on MAC (ce12a5ad62c55b9a86794621d6f8aa82)] -> id: email]Usernamefieldwith data:: test@email.com
16:56:56.797 INFO  base.CustomerDriver - SendKeys on element::[[ChromeDriver: chrome on MAC (ce12a5ad62c55b9a86794621d6f8aa82)] -> id: login-password]Passwordfieldwith data:: abcabc
16:56:58.303 INFO  utilities.Util - Waiting 0.0 seconds :: Clicked on ::LoginButton
16:56:58.524 INFO  base.CustomerDriver - Getting Text on element :: All Courses Link
16:56:58.632 INFO  base.CustomerDriver -  The text is : ALL COURSES
16:56:58.633 INFO  utilities.Util - Actual Text From Web Application UI   --> : ALL COURSES
16:56:58.633 INFO  utilities.Util - Expected Text From Web Application UI --> : All Courses
16:56:58.633 INFO  utilities.Util - ### Verification Contains !!!
16:56:58.633 INFO  base.CheckPoint - test01.HeaderVerification:->PASS
16:57:02.123 INFO  base.CustomerDriver - Elements list found with :  id=>dropdownMenu1
16:57:02.123 INFO  base.CheckPoint - test01:->login verification:->PASS
16:57:02.123 INFO  base.CheckPoint - Test method Pass
16:57:02.124 INFO  base.CheckPoint - Test method Pass
16:57:02.134 INFO  base.CustomerDriver - Elements list found with :  id=>dropdownMenu1
16:57:03.113 INFO  base.CustomerDriver - Clicked on ::Account Dropdown
16:57:03.116 INFO  base.CustomerDriver - Waiting for max:: 10 seconds for element to be available
16:57:03.274 INFO  base.CustomerDriver - Element appeared on the web page
16:57:08.660 INFO  base.CustomerDriver - Clicked on ::LogoutLink
