00:32:04.617 INFO  utilities.Util - Date and Time :: 03_22_2025 00_32_04
00:32:04.629 INFO  utilities.ExtentManager - *********** Report Path ***********
00:32:04.629 INFO  utilities.ExtentManager - /Users/saurabh16.pandey/Library/CloudStorage/OneDrive-RelianceCorporateITParkLimited/AutomationFrameWork/automationfrmwrk//reports//AutomationReport_03_22_2025 00_32_04.html
00:32:04.629 INFO  utilities.ExtentManager - *********** Report Path ***********
00:32:05.097 INFO  base.TestListeners - onStart -> Test Tag Name: Application Test
00:32:05.098 INFO  base.TestListeners - These methods will be executed in this <test> tag
00:32:05.098 INFO  base.TestListeners - verifySearchCourse
00:32:05.098 INFO  base.TestListeners - signWithValidCredentials
00:32:05.138 INFO  base.WebDriverFactory - OS Name from system property :: mac
00:32:05.138 INFO  base.WebDriverFactory - Driver Binary :: /Users/saurabh16.pandey/Library/CloudStorage/OneDrive-RelianceCorporateITParkLimited/AutomationFrameWork/automationfrmwrk//drivers//chromedriver
00:32:27.873 INFO  utilities.Util - Waiting 0.02 seconds :: Clicked on ::Login
00:32:29.115 INFO  base.CustomerDriver - SendKeys on element::[[ChromeDriver: chrome on MAC (c9118d7876754bf6316936e2efb8d91d)] -> id: email]Usernamefieldwith data:: test@email.com
00:32:29.839 INFO  base.CustomerDriver - SendKeys on element::[[ChromeDriver: chrome on MAC (c9118d7876754bf6316936e2efb8d91d)] -> id: login-password]Passwordfieldwith data:: abcabc
00:32:31.135 INFO  base.CustomerDriver - Clicked on ::LoginButton
00:32:31.677 INFO  base.CheckPoint - Clearing the HashMap
00:32:41.347 INFO  utilities.Util - Waiting 0.01 seconds :: Clicked on ::All Courses Link
00:32:42.053 INFO  base.CustomerDriver - Clicked on :: searchbar using Actions class
00:32:42.746 INFO  base.CustomerDriver - Actions sendKeys on element:: [[ChromeDriver: chrome on MAC (c9118d7876754bf6316936e2efb8d91d)] -> id: search] Coursename with data:: rest api
00:32:43.292 INFO  base.CustomerDriver - Clicked on :: SearchIcon using Actions class
00:32:43.328 INFO  base.CustomerDriver - Elements list found with :  xpath=>//div[@class='col-lg-4 col-md-4 col-sm-6 col-xs-12']
00:32:43.333 INFO  base.TestListeners - OnTestSuccess->Test Method Name :verifySearchCourse
00:32:43.346 INFO  base.CheckPoint - Clearing the HashMap
00:32:47.154 INFO  utilities.Util - Waiting 0.01 seconds :: Clicked on ::All Courses Link
00:32:47.518 INFO  base.CustomerDriver - Clicked on :: searchbar using Actions class
00:32:47.807 INFO  base.CustomerDriver - Actions sendKeys on element:: [[ChromeDriver: chrome on MAC (c9118d7876754bf6316936e2efb8d91d)] -> id: search] Coursename with data:: javascript
00:32:48.174 INFO  base.CustomerDriver - Clicked on :: SearchIcon using Actions class
00:32:48.274 INFO  base.CustomerDriver - Elements list found with :  xpath=>//div[@class='col-lg-4 col-md-4 col-sm-6 col-xs-12']
00:32:48.275 INFO  base.TestListeners - OnTestSuccess->Test Method Name :verifySearchCourse
00:32:48.481 INFO  base.WebDriverFactory - OS Name from system property :: mac
00:32:48.481 INFO  base.WebDriverFactory - Driver Binary :: /Users/saurabh16.pandey/Library/CloudStorage/OneDrive-RelianceCorporateITParkLimited/AutomationFrameWork/automationfrmwrk//drivers//chromedriver
00:33:09.753 INFO  utilities.Util - Waiting 0.02 seconds :: Clicked on ::Login
00:33:09.780 INFO  base.CheckPoint - Clearing the HashMap
00:33:11.244 INFO  base.CustomerDriver - SendKeys on element::[[ChromeDriver: chrome on MAC (6e35b0bf9a1cfb42323cca5d257c8920)] -> id: email]Usernamefieldwith data:: test@email.com
00:33:11.950 INFO  base.CustomerDriver - SendKeys on element::[[ChromeDriver: chrome on MAC (6e35b0bf9a1cfb42323cca5d257c8920)] -> id: login-password]Passwordfieldwith data:: abcabc
00:33:13.232 INFO  base.CustomerDriver - Clicked on ::LoginButton
00:33:13.252 INFO  base.CustomerDriver - Getting Text on element :: All Courses Link
00:33:13.328 INFO  base.CustomerDriver -  The text is : ALL COURSES
00:33:13.329 ERROR utilities.Util - Actual Text From Web Application UI   --> : ALL COURSES
00:33:13.329 ERROR utilities.Util - Expected Text From Web Application UI --> : All Coursessss
00:33:13.329 ERROR utilities.Util - ### Verification DOES NOT Contains !!!
00:33:13.329 INFO  base.CheckPoint - test01.HeaderVerification:->FAIL
00:33:16.433 INFO  base.CustomerDriver - Elements list found with :  id=>dropdownMenu1
00:33:16.434 INFO  base.CheckPoint - test01:->login verification:->PASS
00:33:16.434 INFO  base.CheckPoint - Test method Fail
00:33:16.443 INFO  base.TestListeners - onTestFailure -> Test Method Name: signWithValidCredentials
00:33:16.444 INFO  base.WebDriverFactory - OS Name from system property :: mac
00:33:16.444 INFO  base.WebDriverFactory - Driver Binary :: /Users/saurabh16.pandey/Library/CloudStorage/OneDrive-RelianceCorporateITParkLimited/AutomationFrameWork/automationfrmwrk//drivers//chromedriver
00:33:16.445 INFO  utilities.Util - Date and Time :: 03_22_2025 00_33_16
00:33:17.071 INFO  base.CustomerDriver - Screen Shot Was Stored at: /Users/saurabh16.pandey/Library/CloudStorage/OneDrive-RelianceCorporateITParkLimited/AutomationFrameWork/automationfrmwrk//test-output/screenshots//chrome_signWithValidCredentials_03_22_2025 00_33_16.png
00:33:17.112 INFO  base.CustomerDriver - Elements list found with :  id=>dropdownMenu1
00:33:18.167 INFO  utilities.Util - Waiting 0.01 seconds :: Clicked on ::Account Dropdown
00:33:18.186 INFO  base.CustomerDriver - Waiting for max:: 10 seconds for element to be available
00:33:18.492 INFO  base.CustomerDriver - Element appeared on the web page
00:33:22.050 INFO  utilities.Util - Waiting 0.01 seconds :: Clicked on ::LogoutLink
00:33:23.812 INFO  utilities.Util - Waiting 0.02 seconds :: Clicked on ::Login
00:33:24.050 INFO  base.TestListeners - OnFinish -> Test Tag Name Application Test
