13:06:24.830 INFO  utilities.Util -Waiting 0.02 seconds :: Clicked on ::Login
13:06:26.548 INFO  base.CustomerDriver -SendKeys on element::[[ChromeDriver: chrome on MAC (474e2e725d049bf63459ba74e21c9d34)] -> id: email]Usernamefieldwith data:: test@email.com
13:06:27.558 INFO  base.CustomerDriver -SendKeys on element::[[ChromeDriver: chrome on MAC (474e2e725d049bf63459ba74e21c9d34)] -> id: login-password]Passwordfieldwith data:: abcabc
13:06:29.174 INFO  base.CustomerDriver -Clicked on ::LoginButton
13:06:29.719 INFO  base.CheckPoint -Clearing the HashMap
13:06:41.241 INFO  utilities.Util -Waiting 0.01 seconds :: Clicked on ::All Courses Link
13:06:41.331 ERROR base.CustomerDriver -Cannot send keys on the element ::  CourseName  [[ChromeDriver: chrome on MAC (474e2e725d049bf63459ba74e21c9d34)] -> id: search] with data:: rest api
13:06:41.339 INFO  base.CustomerDriver -Waiting for max:: 10 seconds for element to be available
13:06:41.546 INFO  base.CustomerDriver -Element appeared on the web page
13:06:42.758 INFO  utilities.Util -Waiting 0.02 seconds :: Clicked on ::SearchIcon
13:06:43.068 INFO  base.CustomerDriver -Elements list found with :  xpath=>//div[@class='col-lg-4 col-md-4 col-sm-6 col-xs-12']
13:06:43.076 INFO  base.CheckPoint -Clearing the HashMap
13:06:47.480 INFO  utilities.Util -Waiting 0.01 seconds :: Clicked on ::All Courses Link
13:06:47.622 ERROR base.CustomerDriver -Cannot send keys on the element ::  CourseName  [[ChromeDriver: chrome on MAC (474e2e725d049bf63459ba74e21c9d34)] -> id: search] with data:: javascript
13:06:47.627 INFO  base.CustomerDriver -Waiting for max:: 10 seconds for element to be available
13:06:47.845 INFO  base.CustomerDriver -Element appeared on the web page
13:06:48.423 INFO  utilities.Util -Waiting 0.02 seconds :: Clicked on ::SearchIcon
13:06:48.794 INFO  base.CustomerDriver -Elements list found with :  xpath=>//div[@class='col-lg-4 col-md-4 col-sm-6 col-xs-12']
13:07:34.871 INFO  base.WebDriverFactory -OS Name from system property :: mac
13:07:34.877 INFO  base.WebDriverFactory -Driver Binary :: /Users/saurabh16.pandey/Library/CloudStorage/OneDrive-RelianceCorporateITParkLimited/AutomationFrameWork/automationfrmwrk//drivers//chromedriver
13:08:06.127 INFO  utilities.Util -Waiting 0.02 seconds :: Clicked on ::Login
13:08:07.984 INFO  base.CustomerDriver -SendKeys on element::[[ChromeDriver: chrome on MAC (dd289c987c6a8b1bd0c0dcf940d8604f)] -> id: email]Usernamefieldwith data:: test@email.com
13:08:08.782 INFO  base.CustomerDriver -SendKeys on element::[[ChromeDriver: chrome on MAC (dd289c987c6a8b1bd0c0dcf940d8604f)] -> id: login-password]Passwordfieldwith data:: abcabc
13:08:10.358 INFO  base.CustomerDriver -Clicked on ::LoginButton
13:08:10.936 INFO  base.CheckPoint -Clearing the HashMap
13:08:22.834 INFO  utilities.Util -Waiting 0.01 seconds :: Clicked on ::All Courses Link
13:08:22.930 ERROR base.CustomerDriver -Cannot send keys on the element ::  CourseName  [[ChromeDriver: chrome on MAC (dd289c987c6a8b1bd0c0dcf940d8604f)] -> id: search] with data:: rest api
13:08:22.937 INFO  base.CustomerDriver -Waiting for max:: 10 seconds for element to be available
13:08:23.150 INFO  base.CustomerDriver -Element appeared on the web page
13:08:24.071 INFO  utilities.Util -Waiting 0.02 seconds :: Clicked on ::SearchIcon
13:08:24.343 INFO  base.CustomerDriver -Elements list found with :  xpath=>//div[@class='col-lg-4 col-md-4 col-sm-6 col-xs-12']
13:08:24.351 INFO  base.CheckPoint -Clearing the HashMap
13:08:28.660 INFO  utilities.Util -Waiting 0.01 seconds :: Clicked on ::All Courses Link
13:08:28.770 ERROR base.CustomerDriver -Cannot send keys on the element ::  CourseName  [[ChromeDriver: chrome on MAC (dd289c987c6a8b1bd0c0dcf940d8604f)] -> id: search] with data:: javascript
13:08:28.776 INFO  base.CustomerDriver -Waiting for max:: 10 seconds for element to be available
13:08:28.882 INFO  base.CustomerDriver -Element appeared on the web page
13:08:29.426 INFO  utilities.Util -Waiting 0.02 seconds :: Clicked on ::SearchIcon
13:08:29.801 INFO  base.CustomerDriver -Elements list found with :  xpath=>//div[@class='col-lg-4 col-md-4 col-sm-6 col-xs-12']
